<?xml version="1.0" encoding="UTF-8"?>
<!-- Generated by org.testng.reporters.JUnitReportReporter -->
<testsuite hostname="DESKTOP-14DE18T" failures="0" tests="5" name="testngpractice.TestNGKeywords" time="1.054" errors="1" timestamp="2023-10-04T15:12:11 IST" skipped="2">
  <testcase classname="testngpractice.TestNGKeywords" name="test1" time="0.017"/>
  <testcase classname="testngpractice.TestNGKeywords" name="test1" time="0.005"/>
  <testcase classname="testngpractice.TestNGKeywords" name="test3" time="1.026">
    <error message="Method testngpractice.TestNGKeywords.test3() didn&#039;t finish within the time-out 1000" type="org.testng.internal.thread.ThreadTimeoutException">
      <![CDATA[org.testng.internal.thread.ThreadTimeoutException: Method testngpractice.TestNGKeywords.test3() didn't finish within the time-out 1000
at java.base@17.0.8/java.lang.Thread.sleep(Native Method)
at app//testngpractice.TestNGKeywords.test3(TestNGKeywords.java:19)
at java.base@17.0.8/jdk.internal.reflect.NativeMethodAccessorImpl.invoke0(Native Method)
at java.base@17.0.8/jdk.internal.reflect.NativeMethodAccessorImpl.invoke(NativeMethodAccessorImpl.java:77)
at java.base@17.0.8/jdk.internal.reflect.DelegatingMethodAccessorImpl.invoke(DelegatingMethodAccessorImpl.java:43)
at java.base@17.0.8/java.lang.reflect.Method.invoke(Method.java:568)
at app//org.testng.internal.invokers.MethodInvocationHelper.invokeMethod(MethodInvocationHelper.java:139)
at app//org.testng.internal.invokers.InvokeMethodRunnable.runOne(InvokeMethodRunnable.java:47)
at app//org.testng.internal.invokers.InvokeMethodRunnable.call(InvokeMethodRunnable.java:76)
at app//org.testng.internal.invokers.InvokeMethodRunnable.call(InvokeMethodRunnable.java:11)
at java.base@17.0.8/java.util.concurrent.FutureTask.run(FutureTask.java:264)
at java.base@17.0.8/java.util.concurrent.ThreadPoolExecutor.runWorker(ThreadPoolExecutor.java:1136)
at java.base@17.0.8/java.util.concurrent.ThreadPoolExecutor$Worker.run(ThreadPoolExecutor.java:635)
at java.base@17.0.8/java.lang.Thread.run(Thread.java:833)
]]>
    </error>
  </testcase> <!-- test3 -->
  <testcase classname="testngpractice.TestNGKeywords" name="test4" time="0.006">
    <skipped/>
  </testcase> <!-- test4 -->
  <testcase classname="testngpractice.TestNGKeywords" name="test2">
    <skipped/>
  </testcase> <!-- test2 -->
</testsuite> <!-- testngpractice.TestNGKeywords -->
